[23-Nov-2016 13:12:01 UTC] PHP Warning:  require(./php/my_sql_exec.php): failed to open stream: No such file or directory in /home/ubuntu/workspace/PlayMySongForked/PlayMySong/php/developer.php on line 3
[23-Nov-2016 13:12:01 UTC] PHP Stack trace:
[23-Nov-2016 13:12:01 UTC] PHP   1. {main}() /home/ubuntu/workspace/PlayMySongForked/PlayMySong/php/developer.php:0
[23-Nov-2016 13:12:01 UTC] PHP Fatal error:  require(): Failed opening required './php/my_sql_exec.php' (include_path='.:/usr/share/php:/usr/share/pear') in /home/ubuntu/workspace/PlayMySongForked/PlayMySong/php/developer.php on line 3
[23-Nov-2016 13:12:01 UTC] PHP Stack trace:
[23-Nov-2016 13:12:01 UTC] PHP   1. {main}() /home/ubuntu/workspace/PlayMySongForked/PlayMySong/php/developer.php:0
[23-Nov-2016 15:06:56 UTC] PHP Fatal error:  Call to undefined function my_sql_exec() in /home/ubuntu/workspace/PlayMySongForked/PlayMySong/php/create_tables.php on line 5
[23-Nov-2016 15:06:56 UTC] PHP Stack trace:
[23-Nov-2016 15:06:56 UTC] PHP   1. {main}() /home/ubuntu/workspace/PlayMySongForked/PlayMySong/php/create_tables.php:0
[03-Dec-2016 22:59:56 UTC] PHP Parse error:  syntax error, unexpected 'else' (T_ELSE), expecting ',' or ';' in /home/ubuntu/workspace/PlayMySongApp/php/redirect.php on line 16
[03-Dec-2016 23:00:26 UTC] PHP Warning:  include(./php/my_sql_exec.php): failed to open stream: No such file or directory in /home/ubuntu/workspace/PlayMySongApp/php/redirect.php on line 3
[03-Dec-2016 23:00:26 UTC] PHP Stack trace:
[03-Dec-2016 23:00:26 UTC] PHP   1. {main}() /home/ubuntu/workspace/PlayMySongApp/php/redirect.php:0
[03-Dec-2016 23:00:26 UTC] PHP Warning:  include(): Failed opening './php/my_sql_exec.php' for inclusion (include_path='.:/usr/share/php:/usr/share/pear') in /home/ubuntu/workspace/PlayMySongApp/php/redirect.php on line 3
[03-Dec-2016 23:00:26 UTC] PHP Stack trace:
[03-Dec-2016 23:00:26 UTC] PHP   1. {main}() /home/ubuntu/workspace/PlayMySongApp/php/redirect.php:0
[03-Dec-2016 23:00:26 UTC] PHP Fatal error:  Call to undefined function connection() in /home/ubuntu/workspace/PlayMySongApp/php/redirect.php on line 4
[03-Dec-2016 23:00:26 UTC] PHP Stack trace:
[03-Dec-2016 23:00:26 UTC] PHP   1. {main}() /home/ubuntu/workspace/PlayMySongApp/php/redirect.php:0
[03-Dec-2016 23:02:22 UTC] PHP Warning:  include(./php/my_sql_exec.php): failed to open stream: No such file or directory in /home/ubuntu/workspace/PlayMySongApp/php/redirect.php on line 3
[03-Dec-2016 23:02:22 UTC] PHP Stack trace:
[03-Dec-2016 23:02:22 UTC] PHP   1. {main}() /home/ubuntu/workspace/PlayMySongApp/php/redirect.php:0
[03-Dec-2016 23:02:22 UTC] PHP Warning:  include(): Failed opening './php/my_sql_exec.php' for inclusion (include_path='.:/usr/share/php:/usr/share/pear') in /home/ubuntu/workspace/PlayMySongApp/php/redirect.php on line 3
[03-Dec-2016 23:02:22 UTC] PHP Stack trace:
[03-Dec-2016 23:02:22 UTC] PHP   1. {main}() /home/ubuntu/workspace/PlayMySongApp/php/redirect.php:0
[03-Dec-2016 23:02:22 UTC] PHP Fatal error:  Call to undefined function connection() in /home/ubuntu/workspace/PlayMySongApp/php/redirect.php on line 4
[03-Dec-2016 23:02:22 UTC] PHP Stack trace:
[03-Dec-2016 23:02:22 UTC] PHP   1. {main}() /home/ubuntu/workspace/PlayMySongApp/php/redirect.php:0
[03-Dec-2016 23:03:18 UTC] PHP Warning:  include(./php/my_sql_exec.php): failed to open stream: No such file or directory in /home/ubuntu/workspace/PlayMySongApp/php/redirect.php on line 3
[03-Dec-2016 23:03:18 UTC] PHP Stack trace:
[03-Dec-2016 23:03:18 UTC] PHP   1. {main}() /home/ubuntu/workspace/PlayMySongApp/php/redirect.php:0
[03-Dec-2016 23:03:18 UTC] PHP Warning:  include(): Failed opening './php/my_sql_exec.php' for inclusion (include_path='.:/usr/share/php:/usr/share/pear') in /home/ubuntu/workspace/PlayMySongApp/php/redirect.php on line 3
[03-Dec-2016 23:03:18 UTC] PHP Stack trace:
[03-Dec-2016 23:03:18 UTC] PHP   1. {main}() /home/ubuntu/workspace/PlayMySongApp/php/redirect.php:0
[03-Dec-2016 23:03:18 UTC] PHP Fatal error:  Call to undefined function connection() in /home/ubuntu/workspace/PlayMySongApp/php/redirect.php on line 4
[03-Dec-2016 23:03:18 UTC] PHP Stack trace:
[03-Dec-2016 23:03:18 UTC] PHP   1. {main}() /home/ubuntu/workspace/PlayMySongApp/php/redirect.php:0
[03-Dec-2016 23:26:33 UTC] PHP Parse error:  syntax error, unexpected 'else' (T_ELSE) in /home/ubuntu/workspace/PlayMySongApp/php/redirect.php on line 13
[03-Dec-2016 23:27:03 UTC] PHP Parse error:  syntax error, unexpected ':' in /home/ubuntu/workspace/PlayMySongApp/php/redirect.php on line 18
[03-Dec-2016 23:59:51 UTC] PHP Parse error:  syntax error, unexpected 'elseif' (T_ELSEIF) in /home/ubuntu/workspace/PlayMySongApp/php/redirect.php on line 10
[04-Dec-2016 00:04:12 UTC] PHP Fatal error:  Call to undefined function my_sql_exec() in /home/ubuntu/workspace/PlayMySongApp/php/redirect.php on line 7
[04-Dec-2016 00:04:12 UTC] PHP Stack trace:
[04-Dec-2016 00:04:12 UTC] PHP   1. {main}() /home/ubuntu/workspace/PlayMySongApp/php/redirect.php:0
[20-Dec-2016 05:12:51 UTC] PHP Fatal error:  Call to undefined function my_sql_exec() in /home/ubuntu/workspace/PlayMySongApp.1/php/create_tables.php on line 5
[20-Dec-2016 05:12:51 UTC] PHP Stack trace:
[20-Dec-2016 05:12:51 UTC] PHP   1. {main}() /home/ubuntu/workspace/PlayMySongApp.1/php/create_tables.php:0
[26-Dec-2016 02:09:01 UTC] PHP Warning:  require(corefunc.php): failed to open stream: No such file or directory in /home/ubuntu/workspace/PlayMySongApp.1/php/developer_account.php on line 3
[26-Dec-2016 02:09:01 UTC] PHP Stack trace:
[26-Dec-2016 02:09:01 UTC] PHP   1. {main}() /home/ubuntu/workspace/PlayMySongApp.1/php/developer_account.php:0
[26-Dec-2016 02:09:01 UTC] PHP Fatal error:  require(): Failed opening required 'corefunc.php' (include_path='.:/usr/share/php:/usr/share/pear') in /home/ubuntu/workspace/PlayMySongApp.1/php/developer_account.php on line 3
[26-Dec-2016 02:09:01 UTC] PHP Stack trace:
[26-Dec-2016 02:09:01 UTC] PHP   1. {main}() /home/ubuntu/workspace/PlayMySongApp.1/php/developer_account.php:0
